{
  "stats": {
    "suites": 1,
    "tests": 2,
    "passes": 1,
    "pending": 0,
    "failures": 1,
    "start": "2024-07-11T05:29:31.374Z",
    "end": "2024-07-11T05:29:32.856Z",
    "duration": 1482,
    "testsRegistered": 2,
    "passPercent": 50,
    "pendingPercent": 0,
    "other": 0,
    "hasOther": false,
    "skipped": 0,
    "hasSkipped": false
  },
  "results": [
    {
      "uuid": "dc279568-1882-4cfe-b685-f5eed3abfa68",
      "title": "",
      "fullFile": "cypress\\e2e\\API_Basics\\crudOperators.cy.js",
      "file": "cypress\\e2e\\API_Basics\\crudOperators.cy.js",
      "beforeHooks": [],
      "afterHooks": [],
      "tests": [],
      "suites": [
        {
          "uuid": "e7b04397-31fc-43da-a8d2-08f4f7c381a4",
          "title": "Handling CRUD operations in API",
          "fullFile": "",
          "file": "",
          "beforeHooks": [],
          "afterHooks": [],
          "tests": [
            {
              "title": "Get Call",
              "fullTitle": "Handling CRUD operations in API Get Call",
              "timedOut": null,
              "duration": 697,
              "state": "passed",
              "speed": "fast",
              "pass": true,
              "fail": false,
              "pending": false,
              "context": null,
              "code": "cy.request({\n  method: 'GET',\n  url: 'https://gorest.co.in/public/v2/users',\n  headers: {\n    'Authorization': '7bdccdea6153600f4a6bb7b2e471779c058c54c2a5e4aa6a0fd7ddd004ac4c27'\n  }\n}).then(resp => {\n  expect(resp.status).equal(200);\n});",
              "err": {},
              "uuid": "b1a1419d-9355-4b12-b6de-70e3f3cfb566",
              "parentUUID": "e7b04397-31fc-43da-a8d2-08f4f7c381a4",
              "isHook": false,
              "skipped": false
            },
            {
              "title": "Post methods",
              "fullTitle": "Handling CRUD operations in API Post methods",
              "timedOut": null,
              "duration": 614,
              "state": "failed",
              "speed": null,
              "pass": false,
              "fail": true,
              "pending": false,
              "context": "{\n  \"title\": \"cypress-mochawesome-reporter-screenshots\",\n  \"value\": [\n    [\n      \"\\\\crudOperators.cy.js\\\\Handling CRUD operations in API -- Post methods (failed).png\"\n    ]\n  ]\n}",
              "code": "// const requestBody = {\n//     \"name\": \"Sachin1\",\n//     \"email\": \"sachi1@gmail.com\",\n//     \"gender\": \"male\",\n//     \"status\": \"active\"\n//     }\ncy.request({\n  method: 'POST',\n  url: 'https://gorest.co.in/public/v2/posts',\n  body: {\n    name: \"Sachin1\",\n    email: \"sachi1@gmail.com\",\n    gender: \"male\",\n    status: \"active\"\n  }\n}).then(resp => {\n  expect(resp.status).equal(201);\n  expect(resp.body.name).equal('Sachin');\n});",
              "err": {
                "message": "CypressError: `cy.request()` failed on:\n\nhttps://gorest.co.in/public/v2/posts\n\nThe response we received from your web server was:\n\n  > 401: Unauthorized\n\nThis was considered a failure because the status code was not `2xx` or `3xx`.\n\nIf you do not want status codes to cause failures pass the option: `failOnStatusCode: false`\n\n-----------------------------------------------------------\n\nThe request we sent was:\n\nMethod: POST\nURL: https://gorest.co.in/public/v2/posts\nHeaders: {\n  \"Connection\": \"keep-alive\",\n  \"user-agent\": \"Mozilla/5.0 (Windows NT 10.0; Win64; x64) AppleWebKit/537.36 (KHTML, like Gecko) Cypress/13.13.0 Chrome/118.0.5993.159 Electron/27.3.10 Safari/537.36\",\n  \"accept\": \"*/*\",\n  \"accept-encoding\": \"gzip, deflate\",\n  \"content-type\": \"application/json\",\n  \"content-length\": 79\n}\nBody: {\"name\":\"Sachin1\",\"email\":\"sachi1@gmail.com\",\"gender\":\"male\",\"status\":\"active\"}\n\n-----------------------------------------------------------\n\nThe response we got was:\n\nStatus: 401 - Unauthorized\nHeaders: {\n  \"date\": \"Thu, 11 Jul 2024 05:29:32 GMT\",\n  \"content-type\": \"application/json; charset=utf-8\",\n  \"content-length\": \"35\",\n  \"connection\": \"keep-alive\",\n  \"cache-control\": \"no-cache\",\n  \"referrer-policy\": \"strict-origin-when-cross-origin\",\n  \"vary\": \"Origin\",\n  \"x-content-type-options\": \"nosniff\",\n  \"x-download-options\": \"noopen\",\n  \"x-frame-options\": \"SAMEORIGIN\",\n  \"x-permitted-cross-domain-policies\": \"none\",\n  \"x-request-id\": \"d51e0a08-37eb-439a-8d38-53f2ca76306f\",\n  \"x-runtime\": \"0.013996\",\n  \"x-xss-protection\": \"0\",\n  \"cf-cache-status\": \"DYNAMIC\",\n  \"report-to\": \"{\\\"endpoints\\\":[{\\\"url\\\":\\\"https:\\\\/\\\\/a.nel.cloudflare.com\\\\/report\\\\/v4?s=Tcp0%2Fgwj%2FhUweplWm4zu1Djkj56YFu%2FC61q%2BidpAB5zgS734Ft%2BBXvpFM9zG8xsdrb0r6GL%2Ffa5Mh4exeLBKjDjU7DumhilwfOvP9mgk0RDXFTwtuHuHBYbcCDIY1Og%3D\\\"}],\\\"group\\\":\\\"cf-nel\\\",\\\"max_age\\\":604800}\",\n  \"nel\": \"{\\\"success_fraction\\\":0,\\\"report_to\\\":\\\"cf-nel\\\",\\\"max_age\\\":604800}\",\n  \"server\": \"cloudflare\",\n  \"cf-ray\": \"8a16657bbfed444e-BOM\",\n  \"alt-svc\": \"h3=\\\":443\\\"; ma=86400\"\n}\nBody: {\n  \"message\": \"Authentication failed\"\n}\n\n\nhttps://on.cypress.io/request",
                "estack": "CypressError: `cy.request()` failed on:\n\nhttps://gorest.co.in/public/v2/posts\n\nThe response we received from your web server was:\n\n  > 401: Unauthorized\n\nThis was considered a failure because the status code was not `2xx` or `3xx`.\n\nIf you do not want status codes to cause failures pass the option: `failOnStatusCode: false`\n\n-----------------------------------------------------------\n\nThe request we sent was:\n\nMethod: POST\nURL: https://gorest.co.in/public/v2/posts\nHeaders: {\n  \"Connection\": \"keep-alive\",\n  \"user-agent\": \"Mozilla/5.0 (Windows NT 10.0; Win64; x64) AppleWebKit/537.36 (KHTML, like Gecko) Cypress/13.13.0 Chrome/118.0.5993.159 Electron/27.3.10 Safari/537.36\",\n  \"accept\": \"*/*\",\n  \"accept-encoding\": \"gzip, deflate\",\n  \"content-type\": \"application/json\",\n  \"content-length\": 79\n}\nBody: {\"name\":\"Sachin1\",\"email\":\"sachi1@gmail.com\",\"gender\":\"male\",\"status\":\"active\"}\n\n-----------------------------------------------------------\n\nThe response we got was:\n\nStatus: 401 - Unauthorized\nHeaders: {\n  \"date\": \"Thu, 11 Jul 2024 05:29:32 GMT\",\n  \"content-type\": \"application/json; charset=utf-8\",\n  \"content-length\": \"35\",\n  \"connection\": \"keep-alive\",\n  \"cache-control\": \"no-cache\",\n  \"referrer-policy\": \"strict-origin-when-cross-origin\",\n  \"vary\": \"Origin\",\n  \"x-content-type-options\": \"nosniff\",\n  \"x-download-options\": \"noopen\",\n  \"x-frame-options\": \"SAMEORIGIN\",\n  \"x-permitted-cross-domain-policies\": \"none\",\n  \"x-request-id\": \"d51e0a08-37eb-439a-8d38-53f2ca76306f\",\n  \"x-runtime\": \"0.013996\",\n  \"x-xss-protection\": \"0\",\n  \"cf-cache-status\": \"DYNAMIC\",\n  \"report-to\": \"{\\\"endpoints\\\":[{\\\"url\\\":\\\"https:\\\\/\\\\/a.nel.cloudflare.com\\\\/report\\\\/v4?s=Tcp0%2Fgwj%2FhUweplWm4zu1Djkj56YFu%2FC61q%2BidpAB5zgS734Ft%2BBXvpFM9zG8xsdrb0r6GL%2Ffa5Mh4exeLBKjDjU7DumhilwfOvP9mgk0RDXFTwtuHuHBYbcCDIY1Og%3D\\\"}],\\\"group\\\":\\\"cf-nel\\\",\\\"max_age\\\":604800}\",\n  \"nel\": \"{\\\"success_fraction\\\":0,\\\"report_to\\\":\\\"cf-nel\\\",\\\"max_age\\\":604800}\",\n  \"server\": \"cloudflare\",\n  \"cf-ray\": \"8a16657bbfed444e-BOM\",\n  \"alt-svc\": \"h3=\\\":443\\\"; ma=86400\"\n}\nBody: {\n  \"message\": \"Authentication failed\"\n}\n\n\nhttps://on.cypress.io/request\n    at <unknown> (http://localhost:49945/__cypress/runner/cypress_runner.js:132776:72)\n    at tryCatcher (http://localhost:49945/__cypress/runner/cypress_runner.js:1807:23)\n    at Promise._settlePromiseFromHandler (http://localhost:49945/__cypress/runner/cypress_runner.js:1519:31)\n    at Promise._settlePromise (http://localhost:49945/__cypress/runner/cypress_runner.js:1576:18)\n    at Promise._settlePromise0 (http://localhost:49945/__cypress/runner/cypress_runner.js:1621:10)\n    at Promise._settlePromises (http://localhost:49945/__cypress/runner/cypress_runner.js:1701:18)\n    at _drainQueueStep (http://localhost:49945/__cypress/runner/cypress_runner.js:2407:12)\n    at _drainQueue (http://localhost:49945/__cypress/runner/cypress_runner.js:2400:9)\n    at Async._drainQueues (http://localhost:49945/__cypress/runner/cypress_runner.js:2416:5)\n    at Async.drainQueues (http://localhost:49945/__cypress/runner/cypress_runner.js:2286:14)\nFrom Your Spec Code:\n    at Context.eval (webpack://cypress/./cypress/e2e/API_Basics/crudOperators.cy.js:24:11)",
                "diff": null
              },
              "uuid": "846020aa-0f0d-4754-b81c-22ec39a67dac",
              "parentUUID": "e7b04397-31fc-43da-a8d2-08f4f7c381a4",
              "isHook": false,
              "skipped": false
            }
          ],
          "suites": [],
          "passes": [
            "b1a1419d-9355-4b12-b6de-70e3f3cfb566"
          ],
          "failures": [
            "846020aa-0f0d-4754-b81c-22ec39a67dac"
          ],
          "pending": [],
          "skipped": [],
          "duration": 1311,
          "root": false,
          "rootEmpty": false,
          "_timeout": 2000
        }
      ],
      "passes": [],
      "failures": [],
      "pending": [],
      "skipped": [],
      "duration": 0,
      "root": true,
      "rootEmpty": true,
      "_timeout": 2000
    }
  ],
  "meta": {
    "mocha": {
      "version": "7.0.1"
    },
    "mochawesome": {
      "options": {
        "quiet": false,
        "reportFilename": "mochawesome",
        "saveHtml": false,
        "saveJson": true,
        "consoleReporter": "spec",
        "useInlineDiffs": false,
        "code": true
      },
      "version": "7.1.3"
    },
    "marge": {
      "options": {
        "overwrite": false,
        "html": false,
        "json": true,
        "reportDir": "cypress\\reports\\html\\.jsons"
      },
      "version": "6.2.0"
    }
  }
}